Release 14.7 Map P.20160913 (lin64)
Xilinx Mapping Report File for Design 'synthesizer'

Design Information
------------------
Command Line   : map -intstyle ise -p xc6slx16-csg324-3 -w -logic_opt off -ol
high -t 1 -xt 0 -register_duplication off -r 4 -global_opt off -mt off -ir off
-pr off -lc off -power off -o synthesizer_map.ncd synthesizer.ngd
synthesizer.pcf 
Target Device  : xc6slx16
Target Package : csg324
Target Speed   : -3
Mapper Version : spartan6 -- $Revision: 1.55 $
Mapped Date    : Sun Jun  3 15:40:24 2018

Design Summary
--------------
Number of errors:      0
Number of warnings:    1
Slice Logic Utilization:
  Number of Slice Registers:                   300 out of  18,224    1%
    Number used as Flip Flops:                 299
    Number used as Latches:                      0
    Number used as Latch-thrus:                  0
    Number used as AND/OR logics:                1
  Number of Slice LUTs:                      5,900 out of   9,112   64%
    Number used as logic:                    5,887 out of   9,112   64%
      Number using O6 output only:           4,298
      Number using O5 output only:             116
      Number using O5 and O6:                1,473
      Number used as ROM:                        0
    Number used as Memory:                       0 out of   2,176    0%
    Number used exclusively as route-thrus:     13
      Number with same-slice register load:      0
      Number with same-slice carry load:        13
      Number with other load:                    0

Slice Logic Distribution:
  Number of occupied Slices:                 1,947 out of   2,278   85%
  Number of MUXCYs used:                     4,132 out of   4,556   90%
  Number of LUT Flip Flop pairs used:        5,901
    Number with an unused Flip Flop:         5,660 out of   5,901   95%
    Number with an unused LUT:                   1 out of   5,901    1%
    Number of fully used LUT-FF pairs:         240 out of   5,901    4%
    Number of unique control sets:              14
    Number of slice register sites lost
      to control set restrictions:              69 out of  18,224    1%

  A LUT Flip Flop pair for this architecture represents one LUT paired with
  one Flip Flop within a slice.  A control set is a unique combination of
  clock, reset, set, and enable signals for a registered element.
  The Slice Logic Distribution report is not meaningful if the design is
  over-mapped for a non-slice resource or if Placement fails.

IO Utilization:
  Number of bonded IOBs:                        25 out of     232   10%
    Number of LOCed IOBs:                       25 out of      25  100%

Specific Feature Utilization:
  Number of RAMB16BWERs:                         0 out of      32    0%
  Number of RAMB8BWERs:                          0 out of      64    0%
  Number of BUFIO2/BUFIO2_2CLKs:                 0 out of      32    0%
  Number of BUFIO2FB/BUFIO2FB_2CLKs:             0 out of      32    0%
  Number of BUFG/BUFGMUXs:                       2 out of      16   12%
    Number used as BUFGs:                        2
    Number used as BUFGMUX:                      0
  Number of DCM/DCM_CLKGENs:                     0 out of       4    0%
  Number of ILOGIC2/ISERDES2s:                   0 out of     248    0%
  Number of IODELAY2/IODRP2/IODRP2_MCBs:         0 out of     248    0%
  Number of OLOGIC2/OSERDES2s:                   0 out of     248    0%
  Number of BSCANs:                              0 out of       4    0%
  Number of BUFHs:                               0 out of     128    0%
  Number of BUFPLLs:                             0 out of       8    0%
  Number of BUFPLL_MCBs:                         0 out of       4    0%
  Number of DSP48A1s:                            2 out of      32    6%
  Number of ICAPs:                               0 out of       1    0%
  Number of MCBs:                                0 out of       2    0%
  Number of PCILOGICSEs:                         0 out of       2    0%
  Number of PLL_ADVs:                            0 out of       2    0%
  Number of PMVs:                                0 out of       1    0%
  Number of STARTUPs:                            0 out of       1    0%
  Number of SUSPEND_SYNCs:                       0 out of       1    0%

Average Fanout of Non-Clock Nets:                4.87

Peak Memory Usage:  830 MB
Total REAL time to MAP completion:  2 mins 52 secs 
Total CPU time to MAP completion:   2 mins 41 secs 

Table of Contents
-----------------
Section 1 - Errors
Section 2 - Warnings
Section 3 - Informational
Section 4 - Removed Logic Summary
Section 5 - Removed Logic
Section 6 - IOB Properties
Section 7 - RPMs
Section 8 - Guide Report
Section 9 - Area Group and Partition Summary
Section 10 - Timing Report
Section 11 - Configuration String Information
Section 12 - Control Set Information
Section 13 - Utilization by Hierarchy

Section 1 - Errors
------------------

Section 2 - Warnings
--------------------
WARNING:Security:42 - Your software subscription period has lapsed. Your current
version of Xilinx tools will continue to function, but you no longer qualify for
Xilinx software updates or new releases.
WARNING:Pack:2159 - The carry multiplexer output signal
   "trisawsc_/sigPeriod[31]_cycleCount[31]_LessThan_2_o" drives 2 distinct carry
   input pins.  Xilinx recommends replicating logic to eliminate carry chain
   branches.

Section 3 - Informational
-------------------------
INFO:Security:54 - 'xc6slx16' is a WebPack part.
INFO:MapLib:562 - No environment variables are currently set.
INFO:LIT:244 - All of the single ended outputs in this design are using slew
   rate limited output drivers. The delay on speed critical single ended outputs
   can be dramatically reduced by designating them as fast outputs.
INFO:Pack:1716 - Initializing temperature to 85.000 Celsius. (default - Range:
   0.000 to 85.000 Celsius)
INFO:Pack:1720 - Initializing voltage to 1.140 Volts. (default - Range: 1.140 to
   1.260 Volts)
INFO:Map:215 - The Interim Design Summary has been generated in the MAP Report
   (.mrp).
INFO:Pack:1650 - Map created a placed design.

Section 4 - Removed Logic Summary
---------------------------------
  40 block(s) removed
   2 block(s) optimized away
  40 signal(s) removed

Section 5 - Removed Logic
-------------------------

The trimmed logic reported below is either:
   1. part of a cycle
   2. part of disabled logic
   3. a side-effect of other trimmed logic

The signal
"trisawsc_/PWR_7_o_sigPeriod[31]_div_6/Madd_GND_9_o_b[31]_add_17_OUT_Madd_Madd_l
ut<35>" is unused and has been removed.
 Unused block
"trisawsc_/PWR_7_o_sigPeriod[31]_div_6/Madd_GND_9_o_b[31]_add_17_OUT_Madd_Madd_l
ut<35>" (ROM) removed.
  The signal "trisawsc_/PWR_7_o_sigPeriod[31]_div_6/GND_9_o_b[31]_add_13_OUT<35>"
is unused and has been removed.
   Unused block
"trisawsc_/PWR_7_o_sigPeriod[31]_div_6/Madd_GND_9_o_b[31]_add_13_OUT_Madd_Madd_x
or<35>" (XOR) removed.
    The signal
"trisawsc_/PWR_7_o_sigPeriod[31]_div_6/Madd_GND_9_o_b[31]_add_13_OUT_Madd_Madd_c
y<34>" is unused and has been removed.
     Unused block
"trisawsc_/PWR_7_o_sigPeriod[31]_div_6/Madd_GND_9_o_b[31]_add_13_OUT_Madd_Madd_c
y<34>" (MUX) removed.
      The signal
"trisawsc_/PWR_7_o_sigPeriod[31]_div_6/Madd_GND_9_o_b[31]_add_13_OUT_Madd_Madd_c
y<33>" is unused and has been removed.
       Unused block
"trisawsc_/PWR_7_o_sigPeriod[31]_div_6/Madd_GND_9_o_b[31]_add_13_OUT_Madd_Madd_c
y<33>" (MUX) removed.
        The signal
"trisawsc_/PWR_7_o_sigPeriod[31]_div_6/Madd_GND_9_o_b[31]_add_13_OUT_Madd_Madd_c
y<32>" is unused and has been removed.
         Unused block
"trisawsc_/PWR_7_o_sigPeriod[31]_div_6/Madd_GND_9_o_b[31]_add_13_OUT_Madd_Madd_c
y<32>" (MUX) removed.
          The signal
"trisawsc_/PWR_7_o_sigPeriod[31]_div_6/Madd_GND_9_o_b[31]_add_13_OUT_Madd_Madd_c
y<31>" is unused and has been removed.
           Unused block
"trisawsc_/PWR_7_o_sigPeriod[31]_div_6/Madd_GND_9_o_b[31]_add_13_OUT_Madd_Madd_c
y<31>" (MUX) removed.
            The signal
"trisawsc_/PWR_7_o_sigPeriod[31]_div_6/Madd_GND_9_o_b[31]_add_13_OUT_Madd_Madd_c
y<30>" is unused and has been removed.
             Unused block
"trisawsc_/PWR_7_o_sigPeriod[31]_div_6/Madd_GND_9_o_b[31]_add_13_OUT_Madd_Madd_c
y<30>" (MUX) removed.
              The signal
"trisawsc_/PWR_7_o_sigPeriod[31]_div_6/Madd_GND_9_o_b[31]_add_13_OUT_Madd_Madd_l
ut<30>" is unused and has been removed.
               Unused block
"trisawsc_/PWR_7_o_sigPeriod[31]_div_6/Madd_GND_9_o_b[31]_add_13_OUT_Madd_Madd_l
ut<30>" (ROM) removed.
            The signal
"trisawsc_/PWR_7_o_sigPeriod[31]_div_6/Madd_GND_9_o_b[31]_add_13_OUT_Madd_Madd_l
ut<31>" is unused and has been removed.
             Unused block
"trisawsc_/PWR_7_o_sigPeriod[31]_div_6/Madd_GND_9_o_b[31]_add_13_OUT_Madd_Madd_l
ut<31>" (ROM) removed.
          The signal
"trisawsc_/PWR_7_o_sigPeriod[31]_div_6/Madd_GND_9_o_b[31]_add_13_OUT_Madd_Madd_l
ut<32>" is unused and has been removed.
           Unused block
"trisawsc_/PWR_7_o_sigPeriod[31]_div_6/Madd_GND_9_o_b[31]_add_13_OUT_Madd_Madd_l
ut<32>" (ROM) removed.
        The signal
"trisawsc_/PWR_7_o_sigPeriod[31]_div_6/Madd_GND_9_o_b[31]_add_13_OUT_Madd_Madd_l
ut<33>" is unused and has been removed.
         Unused block
"trisawsc_/PWR_7_o_sigPeriod[31]_div_6/Madd_GND_9_o_b[31]_add_13_OUT_Madd_Madd_l
ut<33>" (ROM) removed.
      The signal
"trisawsc_/PWR_7_o_sigPeriod[31]_div_6/Madd_GND_9_o_b[31]_add_13_OUT_Madd_Madd_l
ut<34>" is unused and has been removed.
       Unused block
"trisawsc_/PWR_7_o_sigPeriod[31]_div_6/Madd_GND_9_o_b[31]_add_13_OUT_Madd_Madd_l
ut<34>" (ROM) removed.
    The signal
"trisawsc_/PWR_7_o_sigPeriod[31]_div_6/Madd_GND_9_o_b[31]_add_13_OUT_Madd_Madd_l
ut<35>" is unused and has been removed.
     Unused block
"trisawsc_/PWR_7_o_sigPeriod[31]_div_6/Madd_GND_9_o_b[31]_add_13_OUT_Madd_Madd_l
ut<35>" (ROM) removed.
The signal
"trisawsc_/PWR_7_o_sigPeriod[31]_div_6/Madd_GND_9_o_b[31]_add_17_OUT_Madd_Madd_c
y<34>" is unused and has been removed.
 Unused block
"trisawsc_/PWR_7_o_sigPeriod[31]_div_6/Madd_GND_9_o_b[31]_add_17_OUT_Madd_Madd_c
y<34>" (MUX) removed.
  The signal
"trisawsc_/PWR_7_o_sigPeriod[31]_div_6/Madd_GND_9_o_b[31]_add_17_OUT_Madd_Madd_c
y<33>" is unused and has been removed.
   Unused block
"trisawsc_/PWR_7_o_sigPeriod[31]_div_6/Madd_GND_9_o_b[31]_add_17_OUT_Madd_Madd_c
y<33>" (MUX) removed.
    The signal
"trisawsc_/PWR_7_o_sigPeriod[31]_div_6/Madd_GND_9_o_b[31]_add_17_OUT_Madd_Madd_c
y<32>" is unused and has been removed.
     Unused block
"trisawsc_/PWR_7_o_sigPeriod[31]_div_6/Madd_GND_9_o_b[31]_add_17_OUT_Madd_Madd_c
y<32>" (MUX) removed.
      The signal
"trisawsc_/PWR_7_o_sigPeriod[31]_div_6/Madd_GND_9_o_b[31]_add_17_OUT_Madd_Madd_c
y<31>" is unused and has been removed.
       Unused block
"trisawsc_/PWR_7_o_sigPeriod[31]_div_6/Madd_GND_9_o_b[31]_add_17_OUT_Madd_Madd_c
y<31>" (MUX) removed.
        The signal
"trisawsc_/PWR_7_o_sigPeriod[31]_div_6/Madd_GND_9_o_b[31]_add_17_OUT_Madd_Madd_c
y<30>" is unused and has been removed.
         Unused block
"trisawsc_/PWR_7_o_sigPeriod[31]_div_6/Madd_GND_9_o_b[31]_add_17_OUT_Madd_Madd_c
y<30>" (MUX) removed.
          The signal
"trisawsc_/PWR_7_o_sigPeriod[31]_div_6/Madd_GND_9_o_b[31]_add_17_OUT_Madd_Madd_c
y<29>" is unused and has been removed.
           Unused block
"trisawsc_/PWR_7_o_sigPeriod[31]_div_6/Madd_GND_9_o_b[31]_add_17_OUT_Madd_Madd_c
y<29>" (MUX) removed.
            The signal
"trisawsc_/PWR_7_o_sigPeriod[31]_div_6/Madd_GND_9_o_b[31]_add_17_OUT_Madd_Madd_c
y<28>" is unused and has been removed.
             Unused block
"trisawsc_/PWR_7_o_sigPeriod[31]_div_6/Madd_GND_9_o_b[31]_add_17_OUT_Madd_Madd_c
y<28>" (MUX) removed.
              The signal
"trisawsc_/PWR_7_o_sigPeriod[31]_div_6/Madd_GND_9_o_b[31]_add_17_OUT_Madd_Madd_l
ut<28>" is unused and has been removed.
               Unused block
"trisawsc_/PWR_7_o_sigPeriod[31]_div_6/Madd_GND_9_o_b[31]_add_17_OUT_Madd_Madd_l
ut<28>" (ROM) removed.
            The signal
"trisawsc_/PWR_7_o_sigPeriod[31]_div_6/Madd_GND_9_o_b[31]_add_17_OUT_Madd_Madd_l
ut<29>" is unused and has been removed.
             Unused block
"trisawsc_/PWR_7_o_sigPeriod[31]_div_6/Madd_GND_9_o_b[31]_add_17_OUT_Madd_Madd_l
ut<29>" (ROM) removed.
          The signal
"trisawsc_/PWR_7_o_sigPeriod[31]_div_6/Madd_GND_9_o_b[31]_add_17_OUT_Madd_Madd_l
ut<30>" is unused and has been removed.
           Unused block
"trisawsc_/PWR_7_o_sigPeriod[31]_div_6/Madd_GND_9_o_b[31]_add_17_OUT_Madd_Madd_l
ut<30>" (ROM) removed.
            The signal "trisawsc_/PWR_7_o_sigPeriod[31]_div_6/GND_9_o_b[31]_add_13_OUT<30>"
is unused and has been removed.
             Unused block
"trisawsc_/PWR_7_o_sigPeriod[31]_div_6/Madd_GND_9_o_b[31]_add_13_OUT_Madd_Madd_x
or<30>" (XOR) removed.
        The signal
"trisawsc_/PWR_7_o_sigPeriod[31]_div_6/Madd_GND_9_o_b[31]_add_17_OUT_Madd_Madd_l
ut<31>" is unused and has been removed.
         Unused block
"trisawsc_/PWR_7_o_sigPeriod[31]_div_6/Madd_GND_9_o_b[31]_add_17_OUT_Madd_Madd_l
ut<31>" (ROM) removed.
          The signal "trisawsc_/PWR_7_o_sigPeriod[31]_div_6/GND_9_o_b[31]_add_13_OUT<31>"
is unused and has been removed.
           Unused block
"trisawsc_/PWR_7_o_sigPeriod[31]_div_6/Madd_GND_9_o_b[31]_add_13_OUT_Madd_Madd_x
or<31>" (XOR) removed.
      The signal
"trisawsc_/PWR_7_o_sigPeriod[31]_div_6/Madd_GND_9_o_b[31]_add_17_OUT_Madd_Madd_l
ut<32>" is unused and has been removed.
       Unused block
"trisawsc_/PWR_7_o_sigPeriod[31]_div_6/Madd_GND_9_o_b[31]_add_17_OUT_Madd_Madd_l
ut<32>" (ROM) removed.
        The signal "trisawsc_/PWR_7_o_sigPeriod[31]_div_6/GND_9_o_b[31]_add_13_OUT<32>"
is unused and has been removed.
         Unused block
"trisawsc_/PWR_7_o_sigPeriod[31]_div_6/Madd_GND_9_o_b[31]_add_13_OUT_Madd_Madd_x
or<32>" (XOR) removed.
    The signal
"trisawsc_/PWR_7_o_sigPeriod[31]_div_6/Madd_GND_9_o_b[31]_add_17_OUT_Madd_Madd_l
ut<33>" is unused and has been removed.
     Unused block
"trisawsc_/PWR_7_o_sigPeriod[31]_div_6/Madd_GND_9_o_b[31]_add_17_OUT_Madd_Madd_l
ut<33>" (ROM) removed.
      The signal "trisawsc_/PWR_7_o_sigPeriod[31]_div_6/GND_9_o_b[31]_add_13_OUT<33>"
is unused and has been removed.
       Unused block
"trisawsc_/PWR_7_o_sigPeriod[31]_div_6/Madd_GND_9_o_b[31]_add_13_OUT_Madd_Madd_x
or<33>" (XOR) removed.
  The signal
"trisawsc_/PWR_7_o_sigPeriod[31]_div_6/Madd_GND_9_o_b[31]_add_17_OUT_Madd_Madd_l
ut<34>" is unused and has been removed.
   Unused block
"trisawsc_/PWR_7_o_sigPeriod[31]_div_6/Madd_GND_9_o_b[31]_add_17_OUT_Madd_Madd_l
ut<34>" (ROM) removed.
    The signal "trisawsc_/PWR_7_o_sigPeriod[31]_div_6/GND_9_o_b[31]_add_13_OUT<34>"
is unused and has been removed.
     Unused block
"trisawsc_/PWR_7_o_sigPeriod[31]_div_6/Madd_GND_9_o_b[31]_add_13_OUT_Madd_Madd_x
or<34>" (XOR) removed.
The signal "trisawsc_/PWR_7_o_sigPeriod[31]_div_6/GND_9_o_b[31]_add_17_OUT<28>"
is unused and has been removed.
 Unused block
"trisawsc_/PWR_7_o_sigPeriod[31]_div_6/Madd_GND_9_o_b[31]_add_17_OUT_Madd_Madd_x
or<28>" (XOR) removed.
The signal "trisawsc_/PWR_7_o_sigPeriod[31]_div_6/GND_9_o_b[31]_add_17_OUT<29>"
is unused and has been removed.
 Unused block
"trisawsc_/PWR_7_o_sigPeriod[31]_div_6/Madd_GND_9_o_b[31]_add_17_OUT_Madd_Madd_x
or<29>" (XOR) removed.
The signal "trisawsc_/PWR_7_o_sigPeriod[31]_div_6/GND_9_o_b[31]_add_17_OUT<30>"
is unused and has been removed.
 Unused block
"trisawsc_/PWR_7_o_sigPeriod[31]_div_6/Madd_GND_9_o_b[31]_add_17_OUT_Madd_Madd_x
or<30>" (XOR) removed.
The signal "trisawsc_/PWR_7_o_sigPeriod[31]_div_6/GND_9_o_b[31]_add_17_OUT<31>"
is unused and has been removed.
 Unused block
"trisawsc_/PWR_7_o_sigPeriod[31]_div_6/Madd_GND_9_o_b[31]_add_17_OUT_Madd_Madd_x
or<31>" (XOR) removed.
The signal "trisawsc_/PWR_7_o_sigPeriod[31]_div_6/GND_9_o_b[31]_add_17_OUT<32>"
is unused and has been removed.
 Unused block
"trisawsc_/PWR_7_o_sigPeriod[31]_div_6/Madd_GND_9_o_b[31]_add_17_OUT_Madd_Madd_x
or<32>" (XOR) removed.
The signal "trisawsc_/PWR_7_o_sigPeriod[31]_div_6/GND_9_o_b[31]_add_17_OUT<33>"
is unused and has been removed.
 Unused block
"trisawsc_/PWR_7_o_sigPeriod[31]_div_6/Madd_GND_9_o_b[31]_add_17_OUT_Madd_Madd_x
or<33>" (XOR) removed.
The signal "trisawsc_/PWR_7_o_sigPeriod[31]_div_6/GND_9_o_b[31]_add_17_OUT<34>"
is unused and has been removed.
 Unused block
"trisawsc_/PWR_7_o_sigPeriod[31]_div_6/Madd_GND_9_o_b[31]_add_17_OUT_Madd_Madd_x
or<34>" (XOR) removed.
The signal "trisawsc_/PWR_7_o_sigPeriod[31]_div_6/GND_9_o_b[31]_add_17_OUT<35>"
is unused and has been removed.
 Unused block
"trisawsc_/PWR_7_o_sigPeriod[31]_div_6/Madd_GND_9_o_b[31]_add_17_OUT_Madd_Madd_x
or<35>" (XOR) removed.

Optimized Block(s):
TYPE 		BLOCK
GND 		XST_GND
VCC 		XST_VCC

To enable printing of redundant blocks removed and signals merged, set the
detailed map report option and rerun map.

Section 6 - IOB Properties
--------------------------

+---------------------------------------------------------------------------------------------------------------------------------------------------------+
| IOB Name                           | Type             | Direction | IO Standard          | Diff  | Drive    | Slew | Reg (s)      | Resistor | IOB      |
|                                    |                  |           |                      | Term  | Strength | Rate |              |          | Delay    |
+---------------------------------------------------------------------------------------------------------------------------------------------------------+
| JA<0>                              | IOB              | OUTPUT    | LVCMOS33             |       | 12       | SLOW |              |          |          |
| JA<1>                              | IOB              | OUTPUT    | LVCMOS33             |       | 12       | SLOW |              |          |          |
| JA<2>                              | IOB              | OUTPUT    | LVCMOS33             |       | 12       | SLOW |              |          |          |
| JA<3>                              | IOB              | OUTPUT    | LVCMOS33             |       | 12       | SLOW |              |          |          |
| an<0>                              | IOB              | OUTPUT    | LVCMOS33             |       | 12       | SLOW |              |          |          |
| an<1>                              | IOB              | OUTPUT    | LVCMOS33             |       | 12       | SLOW |              |          |          |
| an<2>                              | IOB              | OUTPUT    | LVCMOS33             |       | 12       | SLOW |              |          |          |
| an<3>                              | IOB              | OUTPUT    | LVCMOS33             |       | 12       | SLOW |              |          |          |
| btns                               | IOB              | INPUT     | LVCMOS33             |       |          |      |              |          |          |
| clk                                | IOB              | INPUT     | LVCMOS33             |       |          |      |              |          |          |
| seg<0>                             | IOB              | OUTPUT    | LVCMOS33             |       | 12       | SLOW |              |          |          |
| seg<1>                             | IOB              | OUTPUT    | LVCMOS33             |       | 12       | SLOW |              |          |          |
| seg<2>                             | IOB              | OUTPUT    | LVCMOS33             |       | 12       | SLOW |              |          |          |
| seg<3>                             | IOB              | OUTPUT    | LVCMOS33             |       | 12       | SLOW |              |          |          |
| seg<4>                             | IOB              | OUTPUT    | LVCMOS33             |       | 12       | SLOW |              |          |          |
| seg<5>                             | IOB              | OUTPUT    | LVCMOS33             |       | 12       | SLOW |              |          |          |
| seg<6>                             | IOB              | OUTPUT    | LVCMOS33             |       | 12       | SLOW |              |          |          |
| sw<0>                              | IOB              | INPUT     | LVCMOS33             |       |          |      |              |          |          |
| sw<1>                              | IOB              | INPUT     | LVCMOS33             |       |          |      |              |          |          |
| sw<2>                              | IOB              | INPUT     | LVCMOS33             |       |          |      |              |          |          |
| sw<3>                              | IOB              | INPUT     | LVCMOS33             |       |          |      |              |          |          |
| sw<4>                              | IOB              | INPUT     | LVCMOS33             |       |          |      |              |          |          |
| sw<5>                              | IOB              | INPUT     | LVCMOS33             |       |          |      |              |          |          |
| sw<6>                              | IOB              | INPUT     | LVCMOS33             |       |          |      |              |          |          |
| sw<7>                              | IOB              | INPUT     | LVCMOS33             |       |          |      |              |          |          |
+---------------------------------------------------------------------------------------------------------------------------------------------------------+

Section 7 - RPMs
----------------

Section 8 - Guide Report
------------------------
Guide not run on this design.

Section 9 - Area Group and Partition Summary
--------------------------------------------

Partition Implementation Status
-------------------------------

  No Partitions were found in this design.

-------------------------------

Area Group Information
----------------------

  No area groups were found in this design.

----------------------

Section 10 - Timing Report
--------------------------
A logic-level (pre-route) timing report can be generated by using Xilinx static
timing analysis tools, Timing Analyzer (GUI) or TRCE (command line), with the
mapped NCD and PCF files. Please note that this timing report will be generated
using estimated delay information. For accurate numbers, please generate a
timing report with the post Place and Route NCD file.

For more information about the Timing Analyzer, consult the Xilinx Timing
Analyzer Reference Manual; for more information about TRCE, consult the Xilinx
Command Line Tools User Guide "TRACE" chapter.

Section 11 - Configuration String Details
-----------------------------------------
Use the "-detail" map option to print out Configuration Strings

Section 12 - Control Set Information
------------------------------------
Use the "-detail" map option to print out Control Set Information.

Section 13 - Utilization by Hierarchy
-------------------------------------
Use the "-detail" map option to print out the Utilization by Hierarchy section.
